[debug] [2025-11-02T03:55:41.209Z] ----------------------------------------------------------------------
[debug] [2025-11-02T03:55:41.212Z] Command:       C:\nvm4w\nodejs\node.exe C:\nvm4w\nodejs\node_modules\firebase-tools\lib\bin\firebase.js deploy
[debug] [2025-11-02T03:55:41.213Z] CLI Version:   14.23.0
[debug] [2025-11-02T03:55:41.213Z] Platform:      win32
[debug] [2025-11-02T03:55:41.213Z] Node Version:  v20.19.5
[debug] [2025-11-02T03:55:41.213Z] Time:          Sat Nov 01 2025 22:55:41 GMT-0500 (hora estándar de Colombia)
[debug] [2025-11-02T03:55:41.213Z] ----------------------------------------------------------------------
[debug] 
[debug] [2025-11-02T03:55:41.475Z] > command requires scopes: ["email","openid","https://www.googleapis.com/auth/cloudplatformprojects.readonly","https://www.googleapis.com/auth/firebase","https://www.googleapis.com/auth/cloud-platform"]
[debug] [2025-11-02T03:55:41.476Z] > authorizing via signed-in user (johnbeta1977@gmail.com)
[debug] [2025-11-02T03:55:41.476Z] [iam] checking project medicalhomeapp-1a68b for permissions ["cloudfunctions.functions.create","cloudfunctions.functions.delete","cloudfunctions.functions.get","cloudfunctions.functions.list","cloudfunctions.functions.update","cloudfunctions.operations.get","firebase.projects.get","firebasehosting.sites.update"]
[debug] [2025-11-02T03:55:41.478Z] Checked if tokens are valid: true, expires at: 1762059293067
[debug] [2025-11-02T03:55:41.478Z] Checked if tokens are valid: true, expires at: 1762059293067
[debug] [2025-11-02T03:55:41.479Z] >>> [apiv2][query] POST https://cloudresourcemanager.googleapis.com/v1/projects/medicalhomeapp-1a68b:testIamPermissions [none]
[debug] [2025-11-02T03:55:41.479Z] >>> [apiv2][(partial)header] POST https://cloudresourcemanager.googleapis.com/v1/projects/medicalhomeapp-1a68b:testIamPermissions x-goog-quota-user=projects/medicalhomeapp-1a68b
[debug] [2025-11-02T03:55:41.480Z] >>> [apiv2][body] POST https://cloudresourcemanager.googleapis.com/v1/projects/medicalhomeapp-1a68b:testIamPermissions {"permissions":["cloudfunctions.functions.create","cloudfunctions.functions.delete","cloudfunctions.functions.get","cloudfunctions.functions.list","cloudfunctions.functions.update","cloudfunctions.operations.get","firebase.projects.get","firebasehosting.sites.update"]}
[debug] [2025-11-02T03:55:42.275Z] <<< [apiv2][status] POST https://cloudresourcemanager.googleapis.com/v1/projects/medicalhomeapp-1a68b:testIamPermissions 200
[debug] [2025-11-02T03:55:42.275Z] <<< [apiv2][body] POST https://cloudresourcemanager.googleapis.com/v1/projects/medicalhomeapp-1a68b:testIamPermissions {"permissions":["cloudfunctions.functions.create","cloudfunctions.functions.delete","cloudfunctions.functions.get","cloudfunctions.functions.list","cloudfunctions.functions.update","cloudfunctions.operations.get","firebase.projects.get","firebasehosting.sites.update"]}
[debug] [2025-11-02T03:55:42.276Z] Checked if tokens are valid: true, expires at: 1762059293067
[debug] [2025-11-02T03:55:42.276Z] Checked if tokens are valid: true, expires at: 1762059293067
[debug] [2025-11-02T03:55:42.276Z] >>> [apiv2][query] POST https://iam.googleapis.com/v1/projects/medicalhomeapp-1a68b/serviceAccounts/medicalhomeapp-1a68b@appspot.gserviceaccount.com:testIamPermissions [none]
[debug] [2025-11-02T03:55:42.276Z] >>> [apiv2][body] POST https://iam.googleapis.com/v1/projects/medicalhomeapp-1a68b/serviceAccounts/medicalhomeapp-1a68b@appspot.gserviceaccount.com:testIamPermissions {"permissions":["iam.serviceAccounts.actAs"]}
[debug] [2025-11-02T03:55:42.852Z] <<< [apiv2][status] POST https://iam.googleapis.com/v1/projects/medicalhomeapp-1a68b/serviceAccounts/medicalhomeapp-1a68b@appspot.gserviceaccount.com:testIamPermissions 200
[debug] [2025-11-02T03:55:42.852Z] <<< [apiv2][body] POST https://iam.googleapis.com/v1/projects/medicalhomeapp-1a68b/serviceAccounts/medicalhomeapp-1a68b@appspot.gserviceaccount.com:testIamPermissions {"permissions":["iam.serviceAccounts.actAs"]}
[debug] [2025-11-02T03:55:42.853Z] Checked if tokens are valid: true, expires at: 1762059293067
[debug] [2025-11-02T03:55:42.853Z] Checked if tokens are valid: true, expires at: 1762059293067
[debug] [2025-11-02T03:55:42.853Z] >>> [apiv2][query] GET https://firebase.googleapis.com/v1beta1/projects/medicalhomeapp-1a68b [none]
[debug] [2025-11-02T03:55:43.240Z] <<< [apiv2][status] GET https://firebase.googleapis.com/v1beta1/projects/medicalhomeapp-1a68b 200
[debug] [2025-11-02T03:55:43.240Z] <<< [apiv2][body] GET https://firebase.googleapis.com/v1beta1/projects/medicalhomeapp-1a68b {"projectId":"medicalhomeapp-1a68b","projectNumber":"312247676705","displayName":"MedicalHomeApp","name":"projects/medicalhomeapp-1a68b","resources":{"hostingSite":"medicalhomeapp-1a68b"},"state":"ACTIVE","etag":"1_afcb8294-550d-4922-9c32-7c889546162a"}
[info] 
[info] === Deploying to 'medicalhomeapp-1a68b'...
[info] 
[info] i  deploying functions, hosting 
[debug] [2025-11-02T03:55:43.246Z] Checked if tokens are valid: true, expires at: 1762059293067
[debug] [2025-11-02T03:55:43.247Z] Checked if tokens are valid: true, expires at: 1762059293067
[debug] [2025-11-02T03:55:43.247Z] >>> [apiv2][query] GET https://cloudresourcemanager.googleapis.com/v1/projects/medicalhomeapp-1a68b [none]
[debug] [2025-11-02T03:55:43.437Z] <<< [apiv2][status] GET https://cloudresourcemanager.googleapis.com/v1/projects/medicalhomeapp-1a68b 200
[debug] [2025-11-02T03:55:43.437Z] <<< [apiv2][body] GET https://cloudresourcemanager.googleapis.com/v1/projects/medicalhomeapp-1a68b {"projectNumber":"312247676705","projectId":"medicalhomeapp-1a68b","lifecycleState":"ACTIVE","name":"MedicalHomeApp","labels":{"firebase":"enabled","firebase-core":"disabled"},"createTime":"2025-10-16T17:33:43.029868Z"}
[info] i  functions: preparing codebase default for deployment 
[info] i  functions: ensuring required API cloudfunctions.googleapis.com is enabled... 
[info] i  functions: ensuring required API cloudbuild.googleapis.com is enabled... 
[info] i  artifactregistry: ensuring required API artifactregistry.googleapis.com is enabled... 
[debug] [2025-11-02T03:55:43.442Z] Checked if tokens are valid: true, expires at: 1762059293067
[debug] [2025-11-02T03:55:43.442Z] Checked if tokens are valid: true, expires at: 1762059293067
[debug] [2025-11-02T03:55:43.442Z] >>> [apiv2][query] GET https://firebase.googleapis.com/v1beta1/projects/medicalhomeapp-1a68b/adminSdkConfig [none]
[debug] [2025-11-02T03:55:43.788Z] <<< [apiv2][status] GET https://firebase.googleapis.com/v1beta1/projects/medicalhomeapp-1a68b/adminSdkConfig 200
[debug] [2025-11-02T03:55:43.788Z] <<< [apiv2][body] GET https://firebase.googleapis.com/v1beta1/projects/medicalhomeapp-1a68b/adminSdkConfig {"projectId":"medicalhomeapp-1a68b","storageBucket":"medicalhomeapp-1a68b.firebasestorage.app"}
[debug] [2025-11-02T03:55:43.789Z] Checked if tokens are valid: true, expires at: 1762059293067
[debug] [2025-11-02T03:55:43.789Z] Checked if tokens are valid: true, expires at: 1762059293067
[debug] [2025-11-02T03:55:43.789Z] >>> [apiv2][query] GET https://runtimeconfig.googleapis.com/v1beta1/projects/medicalhomeapp-1a68b/configs [none]
[debug] [2025-11-02T03:55:44.359Z] <<< [apiv2][status] GET https://runtimeconfig.googleapis.com/v1beta1/projects/medicalhomeapp-1a68b/configs 200
[debug] [2025-11-02T03:55:44.360Z] <<< [apiv2][body] GET https://runtimeconfig.googleapis.com/v1beta1/projects/medicalhomeapp-1a68b/configs {}
[debug] [2025-11-02T03:55:44.362Z] Validating nodejs source
[warn] !  functions: package.json indicates an outdated version of firebase-functions. Please upgrade using npm install --save firebase-functions@latest in your functions directory. 
[warn] !  functions: Please note that there will be breaking changes when you upgrade. 
[debug] [2025-11-02T03:55:45.629Z] > [functions] package.json contents: {
  "name": "functions",
  "description": "Cloud Functions for Firebase",
  "scripts": {
    "lint": "eslint .",
    "serve": "firebase emulators:start --only functions",
    "shell": "firebase functions:shell",
    "start": "npm run shell",
    "deploy": "firebase deploy --only functions",
    "logs": "firebase functions:log"
  },
  "engines": {
    "node": "20"
  },
  "main": "index.js",
  "dependencies": {
    "firebase-admin": "^12.0.0",
    "firebase-functions": "^5.0.0"
  },
  "devDependencies": {
    "eslint": "^8.15.0",
    "eslint-plugin-promise": "^6.0.0"
  },
  "private": true
}
[debug] [2025-11-02T03:55:45.630Z] Building nodejs source
[info] i  functions: Loading and analyzing source code for codebase default to determine what to deploy 
[debug] [2025-11-02T03:55:45.631Z] Could not find functions.yaml. Must use http discovery
[debug] [2025-11-02T03:55:45.641Z] Found firebase-functions binary at 'C:\MEDICALHOME\functions\node_modules\.bin\firebase-functions'
[info] Serving at port 8843

[error] 
